Determining if the pthread_create exist failed with the following output:
Change Dir: /home/urlautocar/eg_ws/src/autonomous-car/v2x/0_v2x_ros/build/CMakeFiles/CMakeTmp

Run Build Command:"/usr/bin/make" "cmTC_b0205/fast"
/usr/bin/make -f CMakeFiles/cmTC_b0205.dir/build.make CMakeFiles/cmTC_b0205.dir/build
make[1]: Entering directory '/home/urlautocar/eg_ws/src/autonomous-car/v2x/0_v2x_ros/build/CMakeFiles/CMakeTmp'
Building C object CMakeFiles/cmTC_b0205.dir/CheckSymbolExists.c.o
/usr/bin/cc    -o CMakeFiles/cmTC_b0205.dir/CheckSymbolExists.c.o   -c /home/urlautocar/eg_ws/src/autonomous-car/v2x/0_v2x_ros/build/CMakeFiles/CMakeTmp/CheckSymbolExists.c
Linking C executable cmTC_b0205
/usr/bin/cmake -E cmake_link_script CMakeFiles/cmTC_b0205.dir/link.txt --verbose=1
/usr/bin/cc      -rdynamic CMakeFiles/cmTC_b0205.dir/CheckSymbolExists.c.o  -o cmTC_b0205 
CMakeFiles/cmTC_b0205.dir/CheckSymbolExists.c.o: In function `main':
CheckSymbolExists.c:(.text+0x1b): undefined reference to `pthread_create'
collect2: error: ld returned 1 exit status
CMakeFiles/cmTC_b0205.dir/build.make:97: recipe for target 'cmTC_b0205' failed
make[1]: *** [cmTC_b0205] Error 1
make[1]: Leaving directory '/home/urlautocar/eg_ws/src/autonomous-car/v2x/0_v2x_ros/build/CMakeFiles/CMakeTmp'
Makefile:126: recipe for target 'cmTC_b0205/fast' failed
make: *** [cmTC_b0205/fast] Error 2

File /home/urlautocar/eg_ws/src/autonomous-car/v2x/0_v2x_ros/build/CMakeFiles/CMakeTmp/CheckSymbolExists.c:
/* */
#include <pthread.h>

int main(int argc, char** argv)
{
  (void)argv;
#ifndef pthread_create
  return ((int*)(&pthread_create))[argc];
#else
  (void)argc;
  return 0;
#endif
}

Determining if the function pthread_create exists in the pthreads failed with the following output:
Change Dir: /home/urlautocar/eg_ws/src/autonomous-car/v2x/0_v2x_ros/build/CMakeFiles/CMakeTmp

Run Build Command:"/usr/bin/make" "cmTC_8bf9e/fast"
/usr/bin/make -f CMakeFiles/cmTC_8bf9e.dir/build.make CMakeFiles/cmTC_8bf9e.dir/build
make[1]: Entering directory '/home/urlautocar/eg_ws/src/autonomous-car/v2x/0_v2x_ros/build/CMakeFiles/CMakeTmp'
Building C object CMakeFiles/cmTC_8bf9e.dir/CheckFunctionExists.c.o
/usr/bin/cc   -DCHECK_FUNCTION_EXISTS=pthread_create   -o CMakeFiles/cmTC_8bf9e.dir/CheckFunctionExists.c.o   -c /usr/share/cmake-3.10/Modules/CheckFunctionExists.c
Linking C executable cmTC_8bf9e
/usr/bin/cmake -E cmake_link_script CMakeFiles/cmTC_8bf9e.dir/link.txt --verbose=1
/usr/bin/cc  -DCHECK_FUNCTION_EXISTS=pthread_create    -rdynamic CMakeFiles/cmTC_8bf9e.dir/CheckFunctionExists.c.o  -o cmTC_8bf9e -lpthreads 
/usr/bin/ld: cannot find -lpthreads
collect2: error: ld returned 1 exit status
CMakeFiles/cmTC_8bf9e.dir/build.make:97: recipe for target 'cmTC_8bf9e' failed
make[1]: *** [cmTC_8bf9e] Error 1
make[1]: Leaving directory '/home/urlautocar/eg_ws/src/autonomous-car/v2x/0_v2x_ros/build/CMakeFiles/CMakeTmp'
Makefile:126: recipe for target 'cmTC_8bf9e/fast' failed
make: *** [cmTC_8bf9e/fast] Error 2


